Build started 27/04/2014 22:29:26.
     1>Project "D:\James\visual_studio_projects\Project1\Project1\Project1.vcxproj" on node 2 (Build target(s)).
     1>ClCompile:
         C:\Program Files (x86)\Microsoft Visual Studio 12.0\VC\bin\CL.exe /c /I"D:\James\sdl\SDL2-2.0.3\include" /Zi /nologo /W3 /WX- /sdl /O2 /Oi /Oy- /GL /D _MBCS /Gm- /EHsc /MD /GS /Gy /fp:precise /Zc:wchar_t /Zc:forScope /Fo"Release\\" /Fd"Release\vc120.pdb" /Gd /TP /analyze- /errorReport:prompt ExplosiveBarrel.cpp GameAttributeManager.cpp main.cpp Monster.cpp MonsterController.cpp OceanObject.cpp Player.cpp Source.cpp Source1.cpp Timer.cpp Vector2d.cpp Window.cpp
         ExplosiveBarrel.cpp
     1>ExplosiveBarrel.cpp(11): warning C4244: '=' : conversion from 'float' to 'int', possible loss of data
     1>ExplosiveBarrel.cpp(37): warning C4244: 'argument' : conversion from 'double' to 'float', possible loss of data
         GameAttributeManager.cpp
         main.cpp
         Monster.cpp
     1>Monster.cpp(14): warning C4244: '=' : conversion from 'float' to 'int', possible loss of data
     1>Monster.cpp(28): warning C4244: 'argument' : conversion from 'double' to 'float', possible loss of data
         MonsterController.cpp
     1>MonsterController.cpp(15): warning C4018: '<=' : signed/unsigned mismatch
     1>MonsterController.cpp(22): warning C4018: '<' : signed/unsigned mismatch
     1>MonsterController.cpp(50): warning C4244: 'argument' : conversion from 'float' to 'int', possible loss of data
     1>MonsterController.cpp(58): warning C4018: '<=' : signed/unsigned mismatch
     1>MonsterController.cpp(65): warning C4018: '<' : signed/unsigned mismatch
     1>MonsterController.cpp(93): warning C4244: 'argument' : conversion from 'float' to 'int', possible loss of data
         OceanObject.cpp
         Player.cpp
         Source.cpp
         Source1.cpp
     1>Source1.cpp(31): warning C4244: 'argument' : conversion from 'time_t' to 'unsigned int', possible loss of data
     1>Source1.cpp(119): warning C4244: '=' : conversion from 'float' to 'int', possible loss of data
     1>Source1.cpp(131): warning C4244: 'argument' : conversion from 'float' to 'int', possible loss of data
     1>Source1.cpp(132): warning C4244: 'argument' : conversion from 'float' to 'int', possible loss of data
         Timer.cpp
         Vector2d.cpp
         Window.cpp
       Link:
         C:\Program Files (x86)\Microsoft Visual Studio 12.0\VC\bin\link.exe /ERRORREPORT:PROMPT /OUT:"D:\James\visual_studio_projects\Project1\Release\Project1.exe" /NOLOGO /LIBPATH:"D:\James\sdl\SDL2-2.0.3\lib\x86" sdl2.lib sdl2main.lib sdl2_image.lib sdl2_mixer.lib sdl2_ttf.lib kernel32.lib user32.lib gdi32.lib winspool.lib comdlg32.lib advapi32.lib shell32.lib ole32.lib oleaut32.lib uuid.lib odbc32.lib odbccp32.lib /MANIFEST /MANIFESTUAC:"level='asInvoker' uiAccess='false'" /manifest:embed /DEBUG /PDB:"D:\James\visual_studio_projects\Project1\Release\Project1.pdb" /SUBSYSTEM:WINDOWS /OPT:REF /OPT:ICF /LTCG /TLBID:1 /DYNAMICBASE /NXCOMPAT /IMPLIB:"D:\James\visual_studio_projects\Project1\Release\Project1.lib" /MACHINE:X86 /SAFESEH Release\ExplosiveBarrel.obj
         Release\GameAttributeManager.obj
         Release\main.obj
         Release\Monster.obj
         Release\MonsterController.obj
         Release\OceanObject.obj
         Release\Player.obj
         Release\Source.obj
         Release\Source1.obj
         Release\Timer.obj
         Release\Vector2d.obj
         Release\Window.obj
         Generating code
         Finished generating code
         Project1.vcxproj -> D:\James\visual_studio_projects\Project1\Release\Project1.exe
     1>Done Building Project "D:\James\visual_studio_projects\Project1\Project1\Project1.vcxproj" (Build target(s)).

Build succeeded.

Time Elapsed 00:00:08.01
